********************************************************************************
DUPLICATOR-LITE PACKAGE-LOG: August 26, 2019 5:40 pm
NOTICE: Do NOT post to public sites or forums 
********************************************************************************
VERSION:	1.3.18
WORDPRESS:	5.2.2
PHP INFO:	7.1.23 | SAPI: apache2handler
SERVER:		Apache/2.4.34 (Unix) PHP/7.1.23 
PHP TIME LIMIT: (0) no time limit imposed 
PHP MAX MEMORY: 4294967296 (128M default) 
MEMORY STACK: 4MB

********************************************************************************
DATABASE:
********************************************************************************
BUILD MODE:   MYSQLDUMP
MYSQLTIMEOUT: 5000
MYSQLDUMP:    Is Supported
SQL CREATED: ai4atm_0f3e5a495c15e3044215_20190826174039_database.sql
SQL FILE SIZE: 920.79KB (942886)
SQL FILE TIME: 2019-08-26 17:40:47
SQL RUNTIME: 0.20 sec.

********************************************************************************
ARCHIVE (ZIP):
********************************************************************************
ARCHIVE DIR:  /Volumes/DATA/tranngocphu@github.com/ai4atm-web
ARCHIVE FILE: ai4atm_0f3e5a495c15e3044215_20190826174039_archive.zip
FILTERS: *OFF*
DIRS:
	not set
FILES:
	not set
EXTS:  not set
----------------------------------------
COMPRESSING
SIZE:	131.47MB
STATS:	Dirs 917 | Files 5,262
SQL ADDED: ai4atm_0f3e5a495c15e3044215_20190826174039_database.sql
ZipArchive Object
(
    [status] => 0
    [statusSys] => 0
    [numFiles] => 6179
    [filename] => /Volumes/DATA/tranngocphu@github.com/ai4atm-web/wp-snapshots/tmp/ai4atm_0f3e5a495c15e3044215_20190826174039_archive.zip
    [comment] => 
)

FILE ADDED TO ZIP: 6178
COMPRESSION RESULT: '1'
COMPRESSED SIZE: 69.98MB
ARCHIVE RUNTIME: 15.16 sec.
MEMORY STACK: 6MB
building installer
add_extra_files1
add_extra_files2
add_extra_files3
add_extra_files4
Doing archive file check
add_extra_files5
add_extra_files6
add_extra_files8
Successfully opened zip /Volumes/DATA/tranngocphu@github.com/ai4atm-web/wp-snapshots/tmp/ai4atm_0f3e5a495c15e3044215_20190826174039_archive.zip
Adding enhanced installer files to archive using ZipArchive
Installer files added to archive
Added to archive
After ziparchive close when adding installer

********************************************************************************
INTEGRITY CHECKS:
********************************************************************************
SQL FILE: 920.79KB
INSTALLER FILE: 59.36KB
ARCHIVE FILE: 71.32MB 
EXPECTED FILE/DIRECTORY COUNT: 6,179
ACTUAL FILE/DIRECTORY COUNT: 6,178
ARCHIVE CONSISTENCY TEST: Pass

********************************************************************************
RECORD ID:[1]
TOTAL PROCESS RUNTIME: 18.78 sec.
PEAK PHP MEMORY USED: 8MB
DONE PROCESSING => ai4atm August 26, 2019 5:41 pm

